<?xml version="1.0" encoding="UTF-8"?>
<testng-results ignored="0" total="2" passed="2" failed="0" skipped="0">
  <reporter-output>
  </reporter-output>
  <suite started-at="2025-06-23T15:53:49 IST" name="Default suite" finished-at="2025-06-23T15:53:57 IST" duration-ms="8659">
    <groups>
      <group name="cucumber">
        <method signature="AbstractTestNGCucumberTests.runScenario(io.cucumber.testng.PickleWrapper,io.cucumber.testng.FeatureWrapper)[pri:0, instance:testcases.runnerclass@c03cf28]" name="runScenario" class="io.cucumber.testng.AbstractTestNGCucumberTests"/>
      </group> <!-- cucumber -->
    </groups>
    <test started-at="2025-06-23T15:53:49 IST" name="Default test" finished-at="2025-06-23T15:53:57 IST" duration-ms="8659">
      <class name="testcases.runnerclass">
        <test-method is-config="true" signature="setUpClass(org.testng.ITestContext)[pri:0, instance:testcases.runnerclass@c03cf28]" started-at="2025-06-23T15:53:49 IST" name="setUpClass" finished-at="2025-06-23T15:53:49 IST" duration-ms="352" status="PASS">
          <params>
            <param index="0">
              <value>
                <![CDATA[org.testng.TestRunner@6cd98a05]]>
              </value>
            </param>
          </params>
          <reporter-output>
          </reporter-output>
        </test-method> <!-- setUpClass -->
        <test-method signature="runScenario(io.cucumber.testng.PickleWrapper,io.cucumber.testng.FeatureWrapper)[pri:0, instance:testcases.runnerclass@c03cf28]" started-at="2025-06-23T15:53:49 IST" name="runScenario" description="Runs Cucumber Scenarios" data-provider="scenarios" finished-at="2025-06-23T15:53:53 IST" duration-ms="3813" status="PASS">
          <params>
            <param index="0">
              <value>
                <![CDATA["Check password credential"]]>
              </value>
            </param>
            <param index="1">
              <value>
                <![CDATA["Check the application before login"]]>
              </value>
            </param>
          </params>
          <reporter-output>
          </reporter-output>
        </test-method> <!-- runScenario -->
        <test-method signature="runScenario(io.cucumber.testng.PickleWrapper,io.cucumber.testng.FeatureWrapper)[pri:0, instance:testcases.runnerclass@c03cf28]" started-at="2025-06-23T15:53:53 IST" name="runScenario" description="Runs Cucumber Scenarios" data-provider="scenarios" finished-at="2025-06-23T15:53:57 IST" duration-ms="4248" status="PASS">
          <params>
            <param index="0">
              <value>
                <![CDATA["Check add to cart"]]>
              </value>
            </param>
            <param index="1">
              <value>
                <![CDATA["Check the application before login"]]>
              </value>
            </param>
          </params>
          <reporter-output>
          </reporter-output>
        </test-method> <!-- runScenario -->
        <test-method is-config="true" signature="tearDownClass()[pri:0, instance:testcases.runnerclass@c03cf28]" started-at="2025-06-23T15:53:57 IST" name="tearDownClass" finished-at="2025-06-23T15:53:57 IST" duration-ms="212" status="PASS">
          <reporter-output>
          </reporter-output>
        </test-method> <!-- tearDownClass -->
      </class> <!-- testcases.runnerclass -->
    </test> <!-- Default test -->
  </suite> <!-- Default suite -->
</testng-results>
